#
# A fatal error has been detected by the Java Runtime Environment:
#
#  Internal Error (0xc0000028), pid=1236, tid=7096
#
# JRE version: Java(TM) SE Runtime Environment (8.0_60-b27) (build 1.8.0_60-b27)
# Java VM: Java HotSpot(TM) 64-Bit Server VM (25.60-b23 mixed mode windows-amd64 compressed oops)
# Problematic frame:
# C  [ntdll.dll+0x92f50]
#
# Failed to write core dump. Minidumps are not enabled by default on client versions of Windows
#
# If you would like to submit a bug report, please visit:
#   http://bugreport.java.com/bugreport/crash.jsp
# The crash happened outside the Java Virtual Machine in native code.
# See problematic frame for where to report the bug.
#

---------------  T H R E A D  ---------------

Current thread (0x000000001a57f000):  JavaThread "AWT-EventQueue-0" [_thread_in_native, id=7096, stack(0x0000000022100000,0x0000000022200000)]

siginfo: ExceptionCode=0xc0000028

Registers:
RAX=0x00000000220677f8, RBX=0x00000000c0000028, RCX=0x0000000022067938, RDX=0x0000000016f32970
RSP=0x00000000221eba00, RBP=0x00000000221ebb00, RSI=0x00007fffa9bb8bc4, RDI=0x000000001aeadc30
R8 =0x0000000021f3f358, R9 =0x0000000000000000, R10=0x0000000000091a70, R11=0x00000000173b5318
R12=0x00007fffa9a84289, R13=0x00000000221ec6e0, R14=0x00000000221ebfa0, R15=0x00000000221ec160
RIP=0x00007fffa9b02f50, EFLAGS=0x0000000000000206

Top of Stack: (sp=0x00000000221eba00)
0x00000000221eba00:   0000000000000000 0000000000000000
0x00000000221eba10:   00000000c0000028 0000000000000000
0x00000000221eba20:   00000001c0000028 0000000000000000
0x00000000221eba30:   00007fffa9b02f50 0000000000000000
0x00000000221eba40:   0000000000000000 0000000000000000
0x00000000221eba50:   0000000000000004 ffffffff00000000
0x00000000221eba60:   ffffffff0000000a 0000003bffffffff
0x00000000221eba70:   000000000000003d 00000000231e0ec0
0x00000000221eba80:   00000000221eccc0 000000006c8de31f
0x00000000221eba90:   0000000000000000 000000006ded2674
0x00000000221ebaa0:   0000000000000000 00000000221ecdc0
0x00000000221ebab0:   00000000221ebcc0 000000006ded2638
0x00000000221ebac0:   0000000000000000 00000000221eccc0
0x00000000221ebad0:   0000000000000000 000000000000000a
0x00000000221ebae0:   00000000221ebd00 000000006c8dff68
0x00000000221ebaf0:   00001fa00010000f 0053002b002b0033 

Instructions: (pc=0x00007fffa9b02f50)
0x00007fffa9b02f30:   48 89 5c 24 10 55 48 8d ac 24 70 fb ff ff 48 81
0x00007fffa9b02f40:   ec 90 05 00 00 8b d9 48 8d 4d c0 e8 10 26 00 00
0x00007fffa9b02f50:   48 8b 85 b8 00 00 00 48 8d 55 c0 33 c9 48 89 44
0x00007fffa9b02f60:   24 30 48 89 4c 24 28 89 4c 24 38 89 5c 24 20 c7 


Register to memory mapping:

RAX=0x00000000220677f8 is pointing into metadata
RBX=0x00000000c0000028 is an unallocated location in the heap
RCX=0x0000000022067938 is pointing into metadata
RDX={method} {0x0000000016f32978} 'add' '(Ljava/lang/Object;)Z' in 'java/util/Vector'
RSP=0x00000000221eba00 is pointing into the stack for thread: 0x000000001a57f000
RBP=0x00000000221ebb00 is pointing into the stack for thread: 0x000000001a57f000
RSI=0x00007fffa9bb8bc4 is an unknown value
RDI=0x000000001aeadc30 is pointing into the stack for thread: 0x000000001954e000
R8 =0x0000000021f3f358 is pointing into metadata
R9 =0x0000000000000000 is an unknown value
R10=0x0000000000091a70 is an unknown value
R11=0x00000000173b5318 is pointing into metadata
R12=0x00007fffa9a84289 is an unknown value
R13=0x00000000221ec6e0 is pointing into the stack for thread: 0x000000001a57f000
R14=0x00000000221ebfa0 is pointing into the stack for thread: 0x000000001a57f000
R15=0x00000000221ec160 is pointing into the stack for thread: 0x000000001a57f000


Stack: [0x0000000022100000,0x0000000022200000],  sp=0x00000000221eba00,  free space=942k
Native frames: (J=compiled Java code, j=interpreted, Vv=VM code, C=native code)
C  [ntdll.dll+0x92f50]
C  [ntdll.dll+0xa0d05]
C  [msvcrt.dll+0x7257a]
C  [R.dll+0x626fd]
C  [R.dll+0x6180f]
C  [R.dll+0x62050]
C  [R.dll+0xb5454]
C  [R.dll+0xb604e]
C  [R.dll+0xb72fb]
C  [R.dll+0xb9929]
C  [R.dll+0xba29c]
C  [jri.dll+0x1695]
C  0x0000000002c36937

Java frames: (J=compiled Java code, j=interpreted, Vv=VM code)
j  org.rosuda.JRI.Rengine.rniParse(Ljava/lang/String;I)J+0
j  org.rosuda.JRI.Rengine.eval(Ljava/lang/String;Z)Lorg/rosuda/JRI/REXP;+53
j  org.rosuda.JRI.Rengine.eval(Ljava/lang/String;)Lorg/rosuda/JRI/REXP;+3
j  domain.ToolController.exportDataSet(Ljava/lang/String;Ljava/lang/String;)V+46
j  gui2.MainFrame.exportDataSet(Ljava/lang/String;Ljava/lang/String;)V+6
j  gui2.data.DataviewerPanel$4.actionPerformed(Ljava/awt/event/ActionEvent;)V+52
j  javax.swing.AbstractButton.fireActionPerformed(Ljava/awt/event/ActionEvent;)V+83
j  javax.swing.AbstractButton$Handler.actionPerformed(Ljava/awt/event/ActionEvent;)V+5
j  javax.swing.DefaultButtonModel.fireActionPerformed(Ljava/awt/event/ActionEvent;)V+34
j  javax.swing.DefaultButtonModel.setPressed(Z)V+117
j  javax.swing.plaf.basic.BasicButtonListener.mouseReleased(Ljava/awt/event/MouseEvent;)V+35
j  java.awt.Component.processMouseEvent(Ljava/awt/event/MouseEvent;)V+64
j  javax.swing.JComponent.processMouseEvent(Ljava/awt/event/MouseEvent;)V+23
J 1882 C1 java.awt.Component.processEvent(Ljava/awt/AWTEvent;)V (220 bytes) @ 0x00000000031ef9c4 [0x00000000031ef4a0+0x524]
J 1542 C1 java.awt.Container.processEvent(Ljava/awt/AWTEvent;)V (22 bytes) @ 0x00000000030edfcc [0x00000000030edca0+0x32c]
J 1374 C1 java.awt.Component.dispatchEventImpl(Ljava/awt/AWTEvent;)V (883 bytes) @ 0x00000000030751dc [0x000000000306fd00+0x54dc]
J 1116 C1 java.awt.Container.dispatchEventImpl(Ljava/awt/AWTEvent;)V (129 bytes) @ 0x0000000002fa3f44 [0x0000000002fa3e00+0x144]
J 1818 C1 java.awt.LightweightDispatcher.retargetMouseEvent(Ljava/awt/Component;ILjava/awt/event/MouseEvent;)V (350 bytes) @ 0x00000000031c385c [0x00000000031c1300+0x255c]
j  java.awt.LightweightDispatcher.processMouseEvent(Ljava/awt/event/MouseEvent;)Z+155
J 1792 C1 java.awt.LightweightDispatcher.dispatchEvent(Ljava/awt/AWTEvent;)Z (73 bytes) @ 0x00000000031ab37c [0x00000000031aaf40+0x43c]
J 1116 C1 java.awt.Container.dispatchEventImpl(Ljava/awt/AWTEvent;)V (129 bytes) @ 0x0000000002fa3ee4 [0x0000000002fa3e00+0xe4]
J 1795 C1 java.awt.Window.dispatchEventImpl(Ljava/awt/AWTEvent;)V (23 bytes) @ 0x00000000031ac0a4 [0x00000000031abac0+0x5e4]
J 1126 C1 java.awt.EventQueue.dispatchEventImpl(Ljava/awt/AWTEvent;Ljava/lang/Object;)V (149 bytes) @ 0x0000000002fa987c [0x0000000002fa8040+0x183c]
J 1124 C1 java.awt.EventQueue$3.run()Ljava/lang/Void; (60 bytes) @ 0x0000000002fa658c [0x0000000002fa6380+0x20c]
J 1123 C1 java.awt.EventQueue$3.run()Ljava/lang/Object; (5 bytes) @ 0x0000000002fa284c [0x0000000002fa27c0+0x8c]
v  ~StubRoutines::call_stub
J 1028  java.security.AccessController.doPrivileged(Ljava/security/PrivilegedAction;Ljava/security/AccessControlContext;)Ljava/lang/Object; (0 bytes) @ 0x0000000002f6eee6 [0x0000000002f6ee80+0x66]
J 1361 C1 java.awt.EventQueue$4.run()Ljava/lang/Object; (5 bytes) @ 0x000000000306812c [0x0000000003067d00+0x42c]
v  ~StubRoutines::call_stub
J 1028  java.security.AccessController.doPrivileged(Ljava/security/PrivilegedAction;Ljava/security/AccessControlContext;)Ljava/lang/Object; (0 bytes) @ 0x0000000002f6eee6 [0x0000000002f6ee80+0x66]
J 1068 C1 java.awt.EventQueue.dispatchEvent(Ljava/awt/AWTEvent;)V (80 bytes) @ 0x0000000002f8867c [0x0000000002f87800+0xe7c]
J 1074 C1 java.awt.EventDispatchThread.pumpOneEventForFilters(I)V (295 bytes) @ 0x0000000002f8d864 [0x0000000002f8bd00+0x1b64]
j  java.awt.EventDispatchThread.pumpEventsForFilter(ILjava/awt/Conditional;Ljava/awt/EventFilter;)V+35
j  java.awt.EventDispatchThread.pumpEventsForHierarchy(ILjava/awt/Conditional;Ljava/awt/Component;)V+11
j  java.awt.EventDispatchThread.pumpEvents(ILjava/awt/Conditional;)V+4
j  java.awt.EventDispatchThread.pumpEvents(Ljava/awt/Conditional;)V+3
j  java.awt.EventDispatchThread.run()V+9
v  ~StubRoutines::call_stub

---------------  P R O C E S S  ---------------

Java Threads: ( => current thread )
  0x00000000192ac800 JavaThread "Image Fetcher 0" daemon [_thread_blocked, id=4132, stack(0x00000000233e0000,0x00000000234e0000)]
  0x000000001a6a0800 JavaThread "Swing-Shell" daemon [_thread_blocked, id=8252, stack(0x00000000235e0000,0x00000000236e0000)]
  0x000000001a63d000 JavaThread "TimerQueue" daemon [_thread_blocked, id=5912, stack(0x0000000023090000,0x0000000023190000)]
  0x000000001a5f1800 JavaThread "D3D Screen Updater" daemon [_thread_blocked, id=9060, stack(0x0000000022700000,0x0000000022800000)]
  0x0000000002b20800 JavaThread "DestroyJavaVM" [_thread_blocked, id=876, stack(0x00000000029e0000,0x0000000002ae0000)]
=>0x000000001a57f000 JavaThread "AWT-EventQueue-0" [_thread_in_native, id=7096, stack(0x0000000022100000,0x0000000022200000)]
  0x000000001954e000 JavaThread "Thread-1" [_thread_blocked, id=6876, stack(0x000000001adb0000,0x000000001aeb0000)]
  0x000000001951d000 JavaThread "AWT-Windows" daemon [_thread_in_native, id=9680, stack(0x0000000019a50000,0x0000000019b50000)]
  0x0000000019537800 JavaThread "AWT-Shutdown" [_thread_blocked, id=5656, stack(0x0000000019950000,0x0000000019a50000)]
  0x0000000019536000 JavaThread "Java2D Disposer" daemon [_thread_blocked, id=7632, stack(0x0000000019850000,0x0000000019950000)]
  0x000000001786e000 JavaThread "Service Thread" daemon [_thread_blocked, id=1728, stack(0x0000000019570000,0x0000000019670000)]
  0x0000000017817000 JavaThread "C1 CompilerThread2" daemon [_thread_blocked, id=8320, stack(0x0000000019070000,0x0000000019170000)]
  0x0000000017810800 JavaThread "C2 CompilerThread1" daemon [_thread_blocked, id=8336, stack(0x0000000018f70000,0x0000000019070000)]
  0x000000001780b800 JavaThread "C2 CompilerThread0" daemon [_thread_blocked, id=7996, stack(0x0000000018e70000,0x0000000018f70000)]
  0x000000001780a000 JavaThread "Attach Listener" daemon [_thread_blocked, id=7120, stack(0x0000000018d70000,0x0000000018e70000)]
  0x0000000017809000 JavaThread "Signal Dispatcher" daemon [_thread_blocked, id=9868, stack(0x0000000018c70000,0x0000000018d70000)]
  0x0000000002c17000 JavaThread "Finalizer" daemon [_thread_blocked, id=7344, stack(0x0000000018a90000,0x0000000018b90000)]
  0x0000000002c0d000 JavaThread "Reference Handler" daemon [_thread_blocked, id=6568, stack(0x0000000018990000,0x0000000018a90000)]

Other Threads:
  0x00000000177d7800 VMThread [stack: 0x0000000018890000,0x0000000018990000] [id=532]
  0x00000000191ba000 WatcherThread [stack: 0x0000000019670000,0x0000000019770000] [id=6476]

VM state:not at safepoint (normal execution)

VM Mutex/Monitor currently owned by a thread: None

Heap:
 PSYoungGen      total 38400K, used 11987K [0x00000000d5700000, 0x00000000d8180000, 0x0000000100000000)
  eden space 33280K, 20% used [0x00000000d5700000,0x00000000d5db8e48,0x00000000d7780000)
  from space 5120K, 99% used [0x00000000d7780000,0x00000000d7c7bfc0,0x00000000d7c80000)
  to   space 5120K, 0% used [0x00000000d7c80000,0x00000000d7c80000,0x00000000d8180000)
 ParOldGen       total 87552K, used 8839K [0x0000000080400000, 0x0000000085980000, 0x00000000d5700000)
  object space 87552K, 10% used [0x0000000080400000,0x0000000080ca1cf0,0x0000000085980000)
 Metaspace       used 14945K, capacity 15112K, committed 15360K, reserved 1062912K
  class space    used 1986K, capacity 2047K, committed 2048K, reserved 1048576K

Card table byte_map: [0x0000000011fe0000,0x00000000123e0000] byte_map_base: 0x0000000011bde000

Marking Bits: (ParMarkBitMap*) 0x0000000062e9a5b0
 Begin Bits: [0x0000000012a90000, 0x0000000014a80000)
 End Bits:   [0x0000000014a80000, 0x0000000016a70000)

Polling page: 0x00000000010c0000

CodeCache: size=245760Kb used=6824Kb max_used=6824Kb free=238935Kb
 bounds [0x0000000002c20000, 0x00000000032d0000, 0x0000000011c20000]
 total_blobs=2644 nmethods=2123 adapters=431
 compilation: enabled

Compilation events (10 events):
Event: 13.259 Thread 0x0000000017817000 nmethod 2118 0x00000000032c8650 code [0x00000000032c8800, 0x00000000032c8c88]
Event: 13.279 Thread 0x000000001780b800 2119       4       java.util.concurrent.ConcurrentHashMap::get (162 bytes)
Event: 13.282 Thread 0x000000001780b800 nmethod 2119 0x00000000032c7f50 code [0x00000000032c80a0, 0x00000000032c8338]
Event: 13.283 Thread 0x0000000017817000 2120       3       sun.awt.NullComponentPeer::dispose (1 bytes)
Event: 13.283 Thread 0x0000000017817000 nmethod 2120 0x00000000032c4b90 code [0x00000000032c4ce0, 0x00000000032c4e30]
Event: 13.283 Thread 0x0000000017817000 2121       3       sun.awt.NullComponentPeer::setVisible (1 bytes)
Event: 13.283 Thread 0x0000000017817000 nmethod 2121 0x00000000032cc8d0 code [0x00000000032cca20, 0x00000000032ccb70]
Event: 13.283 Thread 0x0000000017817000 2122       3       javax.swing.JComponent::removeNotify (55 bytes)
Event: 13.283 Thread 0x0000000017817000 nmethod 2122 0x00000000032cb850 code [0x00000000032cba80, 0x00000000032cc4b8]
Event: 13.284 Thread 0x0000000017817000 2123   !   3       java.awt.Container::mixOnHiding (79 bytes)

GC Heap History (2 events):
Event: 5.127 GC heap before
{Heap before GC invocations=1 (full 0):
 PSYoungGen      total 38400K, used 33280K [0x00000000d5700000, 0x00000000d8180000, 0x0000000100000000)
  eden space 33280K, 100% used [0x00000000d5700000,0x00000000d7780000,0x00000000d7780000)
  from space 5120K, 0% used [0x00000000d7c80000,0x00000000d7c80000,0x00000000d8180000)
  to   space 5120K, 0% used [0x00000000d7780000,0x00000000d7780000,0x00000000d7c80000)
 ParOldGen       total 87552K, used 0K [0x0000000080400000, 0x0000000085980000, 0x00000000d5700000)
  object space 87552K, 0% used [0x0000000080400000,0x0000000080400000,0x0000000085980000)
 Metaspace       used 14631K, capacity 14856K, committed 15104K, reserved 1062912K
  class space    used 1969K, capacity 2047K, committed 2048K, reserved 1048576K
Event: 5.142 GC heap after
Heap after GC invocations=1 (full 0):
 PSYoungGen      total 38400K, used 5103K [0x00000000d5700000, 0x00000000d8180000, 0x0000000100000000)
  eden space 33280K, 0% used [0x00000000d5700000,0x00000000d5700000,0x00000000d7780000)
  from space 5120K, 99% used [0x00000000d7780000,0x00000000d7c7bfc0,0x00000000d7c80000)
  to   space 5120K, 0% used [0x00000000d7c80000,0x00000000d7c80000,0x00000000d8180000)
 ParOldGen       total 87552K, used 8839K [0x0000000080400000, 0x0000000085980000, 0x00000000d5700000)
  object space 87552K, 10% used [0x0000000080400000,0x0000000080ca1cf0,0x0000000085980000)
 Metaspace       used 14631K, capacity 14856K, committed 15104K, reserved 1062912K
  class space    used 1969K, capacity 2047K, committed 2048K, reserved 1048576K
}

Deoptimization events (10 events):
Event: 1.834 Thread 0x000000001a57f000 Uncommon trap: reason=unstable_if action=reinterpret pc=0x0000000002ed34e8 method=java.util.Hashtable.get(Ljava/lang/Object;)Ljava/lang/Object; @ 48
Event: 1.908 Thread 0x000000001a57f000 Uncommon trap: reason=class_check action=maybe_recompile pc=0x0000000002e8bcb0 method=sun.java2d.d3d.D3DRenderer.validateContext(Lsun/java2d/SunGraphics2D;)V @ 23
Event: 1.908 Thread 0x000000001a57f000 Uncommon trap: reason=class_check action=maybe_recompile pc=0x0000000002e9d1a8 method=sun.java2d.pipe.BufferedContext.validate(Lsun/java2d/pipe/hw/AccelSurface;Lsun/java2d/pipe/hw/AccelSurface;Lsun/java2d/pipe/Region;Ljava/awt/Composite;Ljava/awt/geom/Affi›F6ÒÚŠþ?
Event: 1.909 Thread 0x000000001a57f000 Uncommon trap: reason=unstable_if action=reinterpret pc=0x0000000002e9d4c4 method=sun.java2d.pipe.BufferedContext.validate(Lsun/java2d/pipe/hw/AccelSurface;Lsun/java2d/pipe/hw/AccelSurface;Lsun/java2d/pipe/Region;Ljava/awt/Composite;Ljava/awt/geom/AffineTrÄhSµ8‹þ?
Event: 1.909 Thread 0x000000001a57f000 Uncommon trap: reason=unstable_if action=reinterpret pc=0x0000000002e8e2a8 method=java.awt.geom.AffineTransform.equals(Ljava/lang/Object;)Z @ 47
Event: 4.004 Thread 0x000000001a57f000 Uncommon trap: reason=class_check action=maybe_recompile pc=0x0000000002e8bcb0 method=sun.java2d.d3d.D3DRenderer.validateContext(Lsun/java2d/SunGraphics2D;)V @ 23
Event: 8.778 Thread 0x000000001a57f000 Uncommon trap: reason=unstable_if action=reinterpret pc=0x00000000030f5820 method=java.lang.ref.SoftReference.get()Ljava/lang/Object; @ 17
Event: 8.836 Thread 0x000000001a6a0800 Uncommon trap: reason=bimorphic action=maybe_recompile pc=0x0000000002e2b8cc method=java.util.HashMap.getNode(ILjava/lang/Object;)Ljava/util/HashMap$Node; @ 126
Event: 8.839 Thread 0x000000001a6a0800 Uncommon trap: reason=bimorphic action=maybe_recompile pc=0x0000000002e2b8cc method=java.util.HashMap.getNode(ILjava/lang/Object;)Ljava/util/HashMap$Node; @ 126
Event: 8.858 Thread 0x000000001a57f000 Uncommon trap: reason=class_check action=maybe_recompile pc=0x0000000002e8bcb0 method=sun.java2d.d3d.D3DRenderer.validateContext(Lsun/java2d/SunGraphics2D;)V @ 23

Internal exceptions (10 events):
Event: 0.033 Thread 0x0000000002b20800 Exception <a 'java/lang/NoSuchMethodError': Method sun.misc.Unsafe.defineClass(Ljava/lang/String;[BII)Ljava/lang/Class; name or signature does not match> (0x00000000d570d4f8) thrown at [C:\re\workspace\8-2-build-windows-amd64-cygwin\jdk8u60\4407\hotspot\sr¼wõtá ?
Event: 0.033 Thread 0x0000000002b20800 Exception <a 'java/lang/NoSuchMethodError': Method sun.misc.Unsafe.prefetchRead(Ljava/lang/Object;J)V name or signature does not match> (0x00000000d570d7e0) thrown at [C:\re\workspace\8-2-build-windows-amd64-cygwin\jdk8u60\4407\hotspot\src\share\vm\prims\jµß÷*Š°µ?
Event: 0.085 Thread 0x0000000002b20800 Exception <a 'java/security/PrivilegedActionException'> (0x00000000d57852b0) thrown at [C:\re\workspace\8-2-build-windows-amd64-cygwin\jdk8u60\4407\hotspot\src\share\vm\prims\jvm.cpp, line 1386]
Event: 0.085 Thread 0x0000000002b20800 Exception <a 'java/security/PrivilegedActionException'> (0x00000000d57854c0) thrown at [C:\re\workspace\8-2-build-windows-amd64-cygwin\jdk8u60\4407\hotspot\src\share\vm\prims\jvm.cpp, line 1386]
Event: 0.085 Thread 0x0000000002b20800 Exception <a 'java/security/PrivilegedActionException'> (0x00000000d5789308) thrown at [C:\re\workspace\8-2-build-windows-amd64-cygwin\jdk8u60\4407\hotspot\src\share\vm\prims\jvm.cpp, line 1386]
Event: 0.085 Thread 0x0000000002b20800 Exception <a 'java/security/PrivilegedActionException'> (0x00000000d5789518) thrown at [C:\re\workspace\8-2-build-windows-amd64-cygwin\jdk8u60\4407\hotspot\src\share\vm\prims\jvm.cpp, line 1386]
Event: 0.098 Thread 0x0000000002b20800 Exception <a 'java/io/FileNotFoundException'> (0x00000000d57a4b90) thrown at [C:\re\workspace\8-2-build-windows-amd64-cygwin\jdk8u60\4407\hotspot\src\share\vm\prims\jni.cpp, line 709]
Event: 0.130 Thread 0x0000000002b20800 Exception <a 'java/lang/NoSuchFieldError': method resolution failed> (0x00000000d59bfae0) thrown at [C:\re\workspace\8-2-build-windows-amd64-cygwin\jdk8u60\4407\hotspot\src\share\vm\prims\methodHandles.cpp, line 1146]
Event: 0.132 Thread 0x0000000002b20800 Exception <a 'java/lang/NoSuchFieldError': method resolution failed> (0x00000000d59cce30) thrown at [C:\re\workspace\8-2-build-windows-amd64-cygwin\jdk8u60\4407\hotspot\src\share\vm\prims\methodHandles.cpp, line 1146]
Event: 0.183 Thread 0x0000000002b20800 Exception <a 'java/io/FileNotFoundException'> (0x00000000d5a7ecc0) thrown at [C:\re\workspace\8-2-build-windows-amd64-cygwin\jdk8u60\4407\hotspot\src\share\vm\prims\jni.cpp, line 709]

Events (10 events):
Event: 10.797 loading class javax/swing/JWindow done
Event: 10.798 loading class javax/swing/Popup$HeavyWeightWindow done
Event: 10.798 loading class javax/swing/JComponent$ActionStandin
Event: 10.798 loading class javax/swing/JComponent$ActionStandin done
Event: 13.111 Thread 0x000000001a57f000 DEOPT PACKING pc=0x0000000002fc6d7a sp=0x00000000221fae80
Event: 13.111 Thread 0x000000001a57f000 DEOPT UNPACKING pc=0x0000000002c6787f sp=0x00000000221faba0 mode 0
Event: 13.259 loading class javax/swing/plaf/basic/BasicRootPaneUI$Actions
Event: 13.260 loading class javax/swing/plaf/basic/BasicRootPaneUI$Actions done
Event: 13.282 Executing VM operation: RevokeBias
Event: 13.282 Executing VM operation: RevokeBias done


Dynamic libraries:
0x00007ff724390000 - 0x00007ff7243c7000 	C:\Program Files\Java\jdk1.8.0_60\bin\javaw.exe
0x00007fffa9a70000 - 0x00007fffa9c31000 	C:\Windows\SYSTEM32\ntdll.dll
0x00007fffa7e70000 - 0x00007fffa7f1d000 	C:\Windows\system32\KERNEL32.DLL
0x00007fffa6760000 - 0x00007fffa693d000 	C:\Windows\system32\KERNELBASE.dll
0x00007fffa7780000 - 0x00007fffa7826000 	C:\Windows\system32\ADVAPI32.dll
0x00007fffa7460000 - 0x00007fffa74fd000 	C:\Windows\system32\msvcrt.dll
0x00007fffa8240000 - 0x00007fffa829b000 	C:\Windows\system32\sechost.dll
0x00007fffa8110000 - 0x00007fffa8236000 	C:\Windows\system32\RPCRT4.dll
0x00007fffa7be0000 - 0x00007fffa7d2e000 	C:\Windows\system32\USER32.dll
0x00007fffa7830000 - 0x00007fffa79b6000 	C:\Windows\system32\GDI32.dll
0x00007fffa13d0000 - 0x00007fffa1644000 	C:\Windows\WinSxS\amd64_microsoft.windows.common-controls_6595b64144ccf1df_6.0.10240.16384_none_f41f7b285750ef43\COMCTL32.dll
0x00007fffa80d0000 - 0x00007fffa8106000 	C:\Windows\system32\IMM32.DLL
0x00007fffa7290000 - 0x00007fffa73ec000 	C:\Windows\system32\MSCTF.dll
0x0000000065870000 - 0x0000000065942000 	C:\Program Files\Java\jdk1.8.0_60\jre\bin\msvcr100.dll
0x0000000062690000 - 0x0000000062f19000 	C:\Program Files\Java\jdk1.8.0_60\jre\bin\server\jvm.dll
0x00007fffa7f20000 - 0x00007fffa7f28000 	C:\Windows\system32\PSAPI.DLL
0x00007fff9bd90000 - 0x00007fff9bd99000 	C:\Windows\SYSTEM32\WSOCK32.dll
0x00007fffa99a0000 - 0x00007fffa9a09000 	C:\Windows\system32\WS2_32.dll
0x00007fffa7bd0000 - 0x00007fffa7bd8000 	C:\Windows\system32\NSI.dll
0x00007fffa4b20000 - 0x00007fffa4b43000 	C:\Windows\SYSTEM32\WINMM.dll
0x00007fffa2c90000 - 0x00007fffa2c9a000 	C:\Windows\SYSTEM32\VERSION.dll
0x00007fffa4ac0000 - 0x00007fffa4aec000 	C:\Windows\SYSTEM32\WINMMBASE.dll
0x00007fffa6540000 - 0x00007fffa6584000 	C:\Windows\system32\cfgmgr32.dll
0x00007fffa4e10000 - 0x00007fffa4e37000 	C:\Windows\SYSTEM32\DEVOBJ.dll
0x0000000065860000 - 0x000000006586f000 	C:\Program Files\Java\jdk1.8.0_60\jre\bin\verify.dll
0x0000000065830000 - 0x0000000065859000 	C:\Program Files\Java\jdk1.8.0_60\jre\bin\java.dll
0x0000000065810000 - 0x0000000065826000 	C:\Program Files\Java\jdk1.8.0_60\jre\bin\zip.dll
0x00007fffa82a0000 - 0x00007fffa97c2000 	C:\Windows\system32\SHELL32.dll
0x00007fffa6b10000 - 0x00007fffa7138000 	C:\Windows\system32\windows.storage.dll
0x00007fffa7500000 - 0x00007fffa777c000 	C:\Windows\system32\combase.dll
0x00007fffa79c0000 - 0x00007fffa7a11000 	C:\Windows\system32\shlwapi.dll
0x00007fffa64a0000 - 0x00007fffa64af000 	C:\Windows\system32\kernel.appcore.dll
0x00007fffa6940000 - 0x00007fffa69f3000 	C:\Windows\system32\shcore.dll
0x00007fffa64b0000 - 0x00007fffa64fa000 	C:\Windows\system32\powrprof.dll
0x00007fffa6500000 - 0x00007fffa6513000 	C:\Windows\system32\profapi.dll
0x0000000063ea0000 - 0x0000000064038000 	C:\Program Files\Java\jdk1.8.0_60\jre\bin\awt.dll
0x00007fffa7f30000 - 0x00007fffa7fee000 	C:\Windows\system32\OLEAUT32.dll
0x00007fffa4bf0000 - 0x00007fffa4c68000 	C:\Windows\system32\apphelp.dll
0x00007fffa4d70000 - 0x00007fffa4e06000 	C:\Windows\system32\uxtheme.dll
0x00007fffa42c0000 - 0x00007fffa42e2000 	C:\Windows\system32\dwmapi.dll
0x00007fffa7140000 - 0x00007fffa7281000 	C:\Windows\system32\ole32.dll
0x00007fffa62c0000 - 0x00007fffa632b000 	C:\Windows\SYSTEM32\bcryptPrimitives.dll
0x0000000002990000 - 0x00000000029b6000 	C:\R-3.2.2\library\rJava\jri\x64\jri.dll
0x000000006c700000 - 0x000000006e078000 	C:\R-3.2.2\bin\x64\R.dll
0x0000000064e80000 - 0x0000000064eda000 	C:\R-3.2.2\bin\x64\Rblas.dll
0x00000000641c0000 - 0x00000000641e5000 	C:\R-3.2.2\bin\x64\Riconv.dll
0x0000000063540000 - 0x00000000635b0000 	C:\R-3.2.2\bin\x64\Rgraphapp.dll
0x00007fffa7ff0000 - 0x00007fffa80c7000 	C:\Windows\system32\comdlg32.dll
0x00007fffa2290000 - 0x00007fffa2297000 	C:\Windows\SYSTEM32\MSIMG32.dll
0x000000006e5c0000 - 0x000000006e5e8000 	C:\R-3.2.2\library\utils\libs\x64\utils.dll
0x0000000064a40000 - 0x0000000064a53000 	C:\R-3.2.2\library\methods\libs\x64\methods.dll
0x000000006fc80000 - 0x000000006fd8a000 	C:\R-3.2.2\library\grDevices\libs\x64\grDevices.dll
0x0000000063740000 - 0x0000000063785000 	C:\R-3.2.2\library\graphics\libs\x64\graphics.dll
0x0000000071100000 - 0x00000000711a3000 	C:\R-3.2.2\library\stats\libs\x64\stats.dll
0x000000001cdd0000 - 0x000000001d069000 	C:\R-3.2.2\bin\x64\Rlapack.dll
0x000000006ec00000 - 0x000000006ec3f000 	C:\R-3.2.2\library\bnlearn\libs\x64\bnlearn.dll
0x0000000061b00000 - 0x0000000061b18000 	C:\R-3.2.2\library\JavaGD\libs\x64\JavaGD.dll
0x0000000063e50000 - 0x0000000063e97000 	C:\Program Files\Java\jdk1.8.0_60\jre\bin\fontmanager.dll
0x00000000657f0000 - 0x000000006580a000 	C:\Program Files\Java\jdk1.8.0_60\jre\bin\net.dll
0x00007fffa5cc0000 - 0x00007fffa5d1d000 	C:\Windows\system32\mswsock.dll
0x00000000657d0000 - 0x00000000657e1000 	C:\Program Files\Java\jdk1.8.0_60\jre\bin\nio.dll
0x00007fff98220000 - 0x00007fff98430000 	C:\Windows\system32\d3d9.dll
0x00007fff81fb0000 - 0x00007fff82ff9000 	C:\Windows\SYSTEM32\nvd3dumx.dll
0x00007fff99c40000 - 0x00007fff99e09000 	C:\Windows\system32\nvspcap64.dll
0x00007fffa97d0000 - 0x00007fffa9995000 	C:\Windows\system32\SETUPAPI.dll
0x00007fffa1080000 - 0x00007fffa1156000 	C:\Windows\SYSTEM32\WINHTTP.dll
0x00007fffa1b10000 - 0x00007fffa1eb0000 	C:\Windows\system32\nvapi64.dll
0x00007fffa3f70000 - 0x00007fffa400c000 	C:\Windows\SYSTEM32\dxgi.dll
0x00007fffa60e0000 - 0x00007fffa610c000 	C:\Windows\SYSTEM32\SspiCli.dll
0x00007fffa2520000 - 0x00007fffa2601000 	C:\Program Files (x86)\NVIDIA Corporation\3D Vision\nvSCPAPI64.dll
0x00007fffa7dc0000 - 0x00007fffa7e65000 	C:\Windows\system32\clbcatq.dll
0x00007fff9f790000 - 0x00007fff9f942000 	C:\Windows\SYSTEM32\WindowsCodecs.dll
0x00007fffa63d0000 - 0x00007fffa63f8000 	C:\Windows\SYSTEM32\bcrypt.dll
0x00007fffa5e40000 - 0x00007fffa5e57000 	C:\Windows\SYSTEM32\cryptsp.dll
0x00007fffa59e0000 - 0x00007fffa5a13000 	C:\Windows\system32\rsaenh.dll
0x00007fffa5fd0000 - 0x00007fffa5fdb000 	C:\Windows\SYSTEM32\CRYPTBASE.dll
0x00007fff97b50000 - 0x00007fff97b96000 	C:\Windows\system32\dataexchange.dll
0x00007fffa4010000 - 0x00007fffa42b3000 	C:\Windows\system32\d3d11.dll
0x00007fff9e7b0000 - 0x00007fff9ecf5000 	C:\Windows\system32\d2d1.dll
0x00007fffa46c0000 - 0x00007fffa4791000 	C:\Windows\system32\dcomp.dll
0x00007fffa4e60000 - 0x00007fffa4f4e000 	C:\Windows\system32\twinapi.appcore.dll
0x00007fffa5e60000 - 0x00007fffa5e7f000 	C:\Windows\system32\USERENV.dll
0x0000000063e00000 - 0x0000000063e42000 	C:\Program Files\Java\jdk1.8.0_60\jre\bin\t2k.dll
0x00007fffa0e20000 - 0x00007fffa0eca000 	C:\Windows\WinSxS\amd64_microsoft.windows.common-controls_6595b64144ccf1df_5.82.10240.16384_none_0212ec7eba871e86\comctl32.dll
0x00007fffa4310000 - 0x00007fffa4493000 	C:\Windows\system32\propsys.dll
0x00007fff9dae0000 - 0x00007fff9dc82000 	C:\Windows\system32\NetworkExplorer.dll
0x00007fff9b440000 - 0x00007fff9b8aa000 	C:\Windows\System32\ActXPrxy.dll
0x00007fff96b30000 - 0x00007fff96b7b000 	C:\Windows\System32\thumbcache.dll
0x00007fffa5820000 - 0x00007fffa583c000 	C:\Windows\SYSTEM32\MPR.dll
0x00007fffa29e0000 - 0x00007fffa29eb000 	C:\Windows\System32\drprov.dll
0x00007fffa5640000 - 0x00007fffa5698000 	C:\Windows\System32\WINSTA.dll
0x00007fffa0410000 - 0x00007fffa0426000 	C:\Windows\System32\ntlanman.dll
0x00007fff9fed0000 - 0x00007fff9fef0000 	C:\Windows\System32\davclnt.dll
0x00007fffa1f80000 - 0x00007fffa1f8c000 	C:\Windows\System32\DAVHLPR.dll
0x00007fffa0360000 - 0x00007fffa0376000 	C:\Windows\System32\wkscli.dll
0x00007fff9a750000 - 0x00007fff9a762000 	C:\Windows\SYSTEM32\cscapi.dll
0x00007fffa59c0000 - 0x00007fffa59cc000 	C:\Windows\System32\netutils.dll
0x00007fff9dd80000 - 0x00007fff9ddff000 	C:\Windows\System32\dlnashext.dll
0x00007fff9dd00000 - 0x00007fff9dd71000 	C:\Windows\System32\PlayToDevice.dll
0x00007fffa1a60000 - 0x00007fffa1a7e000 	C:\Windows\System32\DevDispItemProvider.dll
0x00007fffa1a90000 - 0x00007fffa1b02000 	C:\Windows\System32\MMDevApi.dll
0x00007fff90070000 - 0x00007fff90273000 	C:\Windows\system32\wpdshext.dll
0x00007fff8f050000 - 0x00007fff8f1f8000 	C:\Windows\WinSxS\amd64_microsoft.windows.gdiplus_6595b64144ccf1df_1.1.10240.16603_none_89ad014f9af1a159\gdiplus.dll
0x00007fffa2850000 - 0x00007fffa28f1000 	C:\Windows\System32\PortableDeviceApi.dll
0x00007fffa6ab0000 - 0x00007fffa6b04000 	C:\Windows\system32\WINTRUST.dll
0x00007fffa6520000 - 0x00007fffa6531000 	C:\Windows\system32\MSASN1.dll
0x00007fffa6590000 - 0x00007fffa6751000 	C:\Windows\system32\CRYPT32.dll
0x00007fff9fbf0000 - 0x00007fff9fc22000 	C:\Windows\System32\PortableDeviceTypes.dll
0x00007fff97600000 - 0x00007fff97637000 	C:\Windows\System32\EhStorShell.dll
0x00007fffa1910000 - 0x00007fffa1936000 	C:\Windows\System32\EhStorAPI.dll
0x00007fffa44c0000 - 0x00007fffa44d3000 	C:\Windows\System32\WTSAPI32.dll
0x00007fff9fb00000 - 0x00007fff9fb0d000 	C:\Windows\SYSTEM32\LINKINFO.dll
0x00007fff9f600000 - 0x00007fff9f618000 	C:\Windows\SYSTEM32\samcli.dll
0x00007fffa44a0000 - 0x00007fffa44bc000 	C:\Windows\SYSTEM32\SAMLIB.dll
0x0000000063dd0000 - 0x0000000063dfa000 	C:\Program Files\Java\jdk1.8.0_60\jre\bin\dcpr.dll
0x00007fffa2af0000 - 0x00007fffa2c7a000 	C:\Windows\SYSTEM32\dbghelp.dll

VM Arguments:
jvm_args: -Djava.library.path=C:\R-3.2.2\library\rJava\jri\x64 -Dfile.encoding=Cp1252 
java_command: util.StartApplication2
java_class_path (initial): C:\Users\ivann\Desktop\eclipse\MultimorbidityAnalysisSupport\bin;C:\Users\ivann\.p2\pool\plugins\org.junit_4.12.0.v201504281640\junit.jar;C:\Users\ivann\.p2\pool\plugins\org.hamcrest.core_1.3.0.v201303031735.jar;C:\Users\ivann\Desktop\eclipse\MultimorbidityAnalysisSupport\JarFiles\javaGD.jar;C:\Users\ivann\Desktop\eclipse\MultimorbidityAnalysisSupport\JarFiles\JRI.jar;C:\Users\ivann\Desktop\eclipse\MultimorbidityAnalysisSupport\JarFiles\JRIEngine.jar;C:\Users\ivann\Desktop\eclipse\MultimorbidityAnalysisSupport\JarFiles\poi-3.13-20150929.jar;C:\Users\ivann\Desktop\eclipse\MultimorbidityAnalysisSupport\JarFiles\poi-3.5-final.jar;C:\Users\ivann\Desktop\eclipse\MultimorbidityAnalysisSupport\JarFiles\REngine.jar;C:\Users\ivann\Desktop\eclipse\MultimorbidityAnalysisSupport\JarFiles\RJavaPlugin_1.0.0.201211041420.jar
Launcher Type: SUN_STANDARD

Environment Variables:
PATH=C:\R-3.2.2\bin\x64;C:\R-3.2.2\library\rJava\jri\x64;C:/Program Files/Java/jre1.8.0_60/bin/server;C:\Program Files\Java\jre1.8.0_60/bin/server;C:\Program Files\Java\jre1.8.0_60/bin
USERNAME=Ian
OS=Windows_NT
PROCESSOR_IDENTIFIER=Intel64 Family 6 Model 42 Stepping 7, GenuineIntel



---------------  S Y S T E M  ---------------

OS: Windows 10.0 , 64 bit Build 10240 (10.0.10240.16384)

CPU:total 4 (4 cores per cpu, 1 threads per core) family 6 model 42 stepping 7, cmov, cx8, fxsr, mmx, sse, sse2, sse3, ssse3, sse4.1, sse4.2, popcnt, avx, aes, clmul, tsc, tscinvbit

Memory: 4k page, physical 8365436k(5385936k free), swap 9676156k(5494024k free)

vm_info: Java HotSpot(TM) 64-Bit Server VM (25.60-b23) for windows-amd64 JRE (1.8.0_60-b27), built on Aug  4 2015 11:06:27 by "java_re" with MS VC++ 10.0 (VS2010)

time: Mon Jan 11 10:11:55 2016
elapsed time: 13 seconds (0d 0h 0m 13s)

